<?xml version="1.0" encoding="UTF-8"?>
<testsuite xmlns:xsi="http://www.w3.org/2001/XMLSchema-instance" xsi:noNamespaceSchemaLocation="https://maven.apache.org/surefire/maven-surefire-plugin/xsd/surefire-test-report.xsd" version="3.0.2" name="RegisterTest" time="8.869" tests="2" errors="0" skipped="0" failures="0">
  <properties>
[...]
</properties>
  <testcase name="checkBadPasswordErrorRegistrationTest" classname="RegisterTest" time="3.686">
    <system-err><![CDATA[мар. 21, 2025 3:26:34 PM org.openqa.selenium.devtools.CdpVersionFinder findNearestMatch
WARNING: Unable to find an exact match for CDP version 134, returning the closest version; found: 133; Please update to a Selenium version that supports CDP version 134
]]></system-err>
  </testcase>
  <testcase name="checkSuccessfulRegistrationTest" classname="RegisterTest" time="5.18">
    <system-out><![CDATA[Logged in user with accessToken: Bearer eyJhbGciOiJIUzI1NiIsInR5cCI6IkpXVCJ9.eyJpZCI6IjY3ZGQzZWViOWVkMjgwMDAxYjVhYjc4OSIsImlhdCI6MTc0MjU1MjgxMSwiZXhwIjoxNzQyNTU0MDExfQ.qwo6Nf9SpzD2WA7RKNHNN_smGiPmWC5rXmz-9pXI_hY
Deleted user with accessToken: Bearer eyJhbGciOiJIUzI1NiIsInR5cCI6IkpXVCJ9.eyJpZCI6IjY3ZGQzZWViOWVkMjgwMDAxYjVhYjc4OSIsImlhdCI6MTc0MjU1MjgxMSwiZXhwIjoxNzQyNTU0MDExfQ.qwo6Nf9SpzD2WA7RKNHNN_smGiPmWC5rXmz-9pXI_hY
]]></system-out>
    <system-err><![CDATA[мар. 21, 2025 3:26:37 PM org.openqa.selenium.devtools.CdpVersionFinder findNearestMatch
WARNING: Unable to find an exact match for CDP version 134, returning the closest version; found: 133; Please update to a Selenium version that supports CDP version 134
]]></system-err>
  </testcase>
</testsuite>