<?xml version="1.0" encoding="UTF-8"?>
<testsuite xmlns:xsi="http://www.w3.org/2001/XMLSchema-instance" xsi:noNamespaceSchemaLocation="https://maven.apache.org/surefire/maven-surefire-plugin/xsd/surefire-test-report.xsd" name="LoginPageTest" time="23.715" tests="4" errors="0" skipped="0" failures="0">
  <properties>
[...]
</properties>
  <testcase name="restorePasswordLinkTest" classname="LoginPageTest" time="5.945"/>
  <testcase name="registrationLinkTest" classname="LoginPageTest" time="5.625"/>
  <testcase name="personalAccountTest" classname="LoginPageTest" time="6.328"/>
  <testcase name="startPageTest" classname="LoginPageTest" time="5.81"/>
</testsuite>